0 info it worked if it ends with ok
1 verbose cli [ 'C:\\Program Files\\nodejs\\\\node.exe',
1 verbose cli   'C:\\Program Files\\nodejs\\node_modules\\npm\\bin\\npm-cli.js',
1 verbose cli   'test' ]
2 info using npm@1.3.24
3 info using node@v0.10.25
4 verbose node symlink C:\Program Files\nodejs\\node.exe
5 error Error: ENOENT, open 'C:\Users\User\My Documents\bankomat\hello\www\package.json'
6 error If you need help, you may report this *entire* log,
6 error including the npm and node versions, at:
6 error     <http://github.com/isaacs/npm/issues>
7 error System Windows_NT 6.1.7600
8 error command "C:\\Program Files\\nodejs\\\\node.exe" "C:\\Program Files\\nodejs\\node_modules\\npm\\bin\\npm-cli.js" "test"
9 error cwd C:\Users\User\My Documents\bankomat\hello\www
10 error node -v v0.10.25
11 error npm -v 1.3.24
12 error path C:\Users\User\My Documents\bankomat\hello\www\package.json
13 error code ENOENT
14 error errno 34
15 verbose exit [ 34, true ]
